<?xml version="1.0" encoding="UTF-8"?>
<testsuite xmlns:xsi="http://www.w3.org/2001/XMLSchema-instance" xsi:noNamespaceSchemaLocation="https://maven.apache.org/surefire/maven-surefire-plugin/xsd/surefire-test-report-3.0.xsd" version="3.0" name="grid.capstone.MainApplicationTests" time="9.196" tests="1" errors="0" skipped="0" failures="0">
  <properties>
[...]
</properties>
  <testcase name="contextLoads" classname="grid.capstone.MainApplicationTests" time="0.749">
    <system-out><![CDATA[05:27:57.933 [main] INFO org.springframework.test.context.support.AnnotationConfigContextLoaderUtils -- Could not detect default configuration classes for test class [grid.capstone.MainApplicationTests]: MainApplicationTests does not declare any static, non-private, non-final, nested classes annotated with @Configuration.
05:27:58.078 [main] INFO org.springframework.boot.test.context.SpringBootTestContextBootstrapper -- Found @SpringBootConfiguration grid.capstone.MainApplication for test class grid.capstone.MainApplicationTests

  .   ____          _            __ _ _
 /\\ / ___'_ __ _ _(_)_ __  __ _ \ \ \ \
( ( )\___ | '_ | '_| | '_ \/ _` | \ \ \ \
 \\/  ___)| |_)| | | | | || (_| |  ) ) ) )
  '  |____| .__|_| |_|_| |_\__, | / / / /
 =========|_|==============|___/=/_/_/_/
 :: Spring Boot ::                (v3.1.0)

2024-06-04T05:27:58.636-05:00  INFO 5990 --- [           main] grid.capstone.MainApplicationTests       : Starting MainApplicationTests using Java 17.0.9 with PID 5990 (started by khariefmarson in /Users/khariefmarson/capstone-validation-and-exceptions)
2024-06-04T05:27:58.638-05:00  INFO 5990 --- [           main] grid.capstone.MainApplicationTests       : No active profile set, falling back to 1 default profile: "default"
2024-06-04T05:27:59.466-05:00  INFO 5990 --- [           main] .s.d.r.c.RepositoryConfigurationDelegate : Bootstrapping Spring Data JPA repositories in DEFAULT mode.
2024-06-04T05:27:59.578-05:00  INFO 5990 --- [           main] .s.d.r.c.RepositoryConfigurationDelegate : Finished Spring Data repository scanning in 103 ms. Found 7 JPA repository interfaces.
2024-06-04T05:28:00.143-05:00  INFO 5990 --- [           main] o.f.c.internal.license.VersionPrinter    : Flyway Community Edition 9.16.3 by Redgate
2024-06-04T05:28:00.143-05:00  INFO 5990 --- [           main] o.f.c.internal.license.VersionPrinter    : See release notes here: https://rd.gt/416ObMi
2024-06-04T05:28:00.144-05:00  INFO 5990 --- [           main] o.f.c.internal.license.VersionPrinter    : 
2024-06-04T05:28:00.158-05:00  INFO 5990 --- [           main] o.f.c.i.resource.ResourceNameValidator   : 4 SQL migrations were detected but not run because they did not follow the filename convention.
2024-06-04T05:28:00.158-05:00  INFO 5990 --- [           main] o.f.c.i.resource.ResourceNameValidator   : If this is in error, set 'validateMigrationNaming' to true to fail fast and see a list of the invalid file names.
2024-06-04T05:28:00.161-05:00  INFO 5990 --- [           main] com.zaxxer.hikari.HikariDataSource       : HikariPool-1 - Starting...
2024-06-04T05:28:00.488-05:00  INFO 5990 --- [           main] com.zaxxer.hikari.pool.HikariPool        : HikariPool-1 - Added connection org.postgresql.jdbc.PgConnection@78da899f
2024-06-04T05:28:00.490-05:00  INFO 5990 --- [           main] com.zaxxer.hikari.HikariDataSource       : HikariPool-1 - Start completed.
2024-06-04T05:28:00.517-05:00  INFO 5990 --- [           main] o.f.c.i.database.base.BaseDatabaseType   : Database: jdbc:postgresql://localhost:5438/capstone (PostgreSQL 15.7)
2024-06-04T05:28:00.616-05:00  INFO 5990 --- [           main] o.f.core.internal.command.DbValidate     : Successfully validated 4 migrations (execution time 00:00.047s)
2024-06-04T05:28:00.702-05:00  INFO 5990 --- [           main] o.f.core.internal.command.DbMigrate      : Current version of schema "public": << Empty Schema >>
2024-06-04T05:28:00.748-05:00  INFO 5990 --- [           main] o.f.core.internal.command.DbMigrate      : Migrating schema "public" to version "1 - InitDatabase"
2024-06-04T05:28:01.064-05:00  INFO 5990 --- [           main] o.f.core.internal.command.DbMigrate      : Migrating schema "public" to version "2 - InitDoctor"
2024-06-04T05:28:01.553-05:00  INFO 5990 --- [           main] o.f.core.internal.command.DbMigrate      : Migrating schema "public" to version "3 - InitPatient"
2024-06-04T05:28:02.010-05:00  INFO 5990 --- [           main] o.f.core.internal.command.DbMigrate      : Migrating schema "public" to version "4 - InitAppointments"
2024-06-04T05:28:02.427-05:00  INFO 5990 --- [           main] o.f.core.internal.command.DbMigrate      : Successfully applied 4 migrations to schema "public", now at version v4 (execution time 00:01.751s)
2024-06-04T05:28:02.565-05:00  INFO 5990 --- [           main] o.hibernate.jpa.internal.util.LogHelper  : HHH000204: Processing PersistenceUnitInfo [name: default]
2024-06-04T05:28:02.633-05:00  INFO 5990 --- [           main] org.hibernate.Version                    : HHH000412: Hibernate ORM core version 6.2.2.Final
2024-06-04T05:28:02.637-05:00  INFO 5990 --- [           main] org.hibernate.cfg.Environment            : HHH000406: Using bytecode reflection optimizer
2024-06-04T05:28:02.822-05:00  INFO 5990 --- [           main] o.h.b.i.BytecodeProviderInitiator        : HHH000021: Bytecode provider name : bytebuddy
2024-06-04T05:28:03.039-05:00  INFO 5990 --- [           main] o.s.o.j.p.SpringPersistenceUnitInfo      : No LoadTimeWeaver setup: ignoring JPA class transformer
2024-06-04T05:28:03.096-05:00  INFO 5990 --- [           main] org.hibernate.orm.dialect                : HHH035001: Using dialect: org.hibernate.dialect.PostgreSQLDialect, version: org.hibernate.engine.jdbc.env.internal.JdbcEnvironmentInitiator$DialectResolutionInfoImpl@1999149e
2024-06-04T05:28:03.452-05:00  INFO 5990 --- [           main] o.h.b.i.BytecodeProviderInitiator        : HHH000021: Bytecode provider name : bytebuddy
2024-06-04T05:28:04.496-05:00  INFO 5990 --- [           main] o.h.e.t.j.p.i.JtaPlatformInitiator       : HHH000490: Using JtaPlatform implementation: [org.hibernate.engine.transaction.jta.platform.internal.NoJtaPlatform]
2024-06-04T05:28:04.560-05:00  INFO 5990 --- [           main] j.LocalContainerEntityManagerFactoryBean : Initialized JPA EntityManagerFactory for persistence unit 'default'
2024-06-04T05:28:05.566-05:00  WARN 5990 --- [           main] JpaBaseConfiguration$JpaWebConfiguration : spring.jpa.open-in-view is enabled by default. Therefore, database queries may be performed during view rendering. Explicitly configure spring.jpa.open-in-view to disable this warning
2024-06-04T05:28:06.119-05:00  INFO 5990 --- [           main] grid.capstone.MainApplicationTests       : Started MainApplicationTests in 7.839 seconds (process running for 9.263)
]]></system-out>
  </testcase>
</testsuite>